#
# There is insufficient memory for the Java Runtime Environment to continue.
# Native memory allocation (malloc) failed to allocate 1048576 bytes for AllocateHeap
# Possible reasons:
#   The system is out of physical RAM or swap space
#   In 32 bit mode, the process size limit was hit
# Possible solutions:
#   Reduce memory load on the system
#   Increase physical memory or swap space
#   Check if swap backing store is full
#   Use 64 bit Java on a 64 bit OS
#   Decrease Java heap size (-Xmx/-Xms)
#   Decrease number of Java threads
#   Decrease Java thread stack sizes (-Xss)
#   Set larger code cache with -XX:ReservedCodeCacheSize=
# This output file may be truncated or incomplete.
#
#  Out of Memory Error (memory/allocation.inline.hpp:61), pid=15204, tid=15228
#
# JRE version:  (8.0_60-b27) (build )
# Java VM: Java HotSpot(TM) 64-Bit Server VM (25.60-b23 mixed mode windows-amd64 compressed oops)
# Failed to write core dump. Minidumps are not enabled by default on client versions of Windows
#

---------------  T H R E A D  ---------------

Current thread (0x000000000215e000):  JavaThread "Unknown thread" [_thread_in_vm, id=15228, stack(0x00000000021b0000,0x00000000022b0000)]

Stack: [0x00000000021b0000,0x00000000022b0000]
[error occurred during error reporting (printing stack bounds), id 0xc0000005]

Native frames: (J=compiled Java code, j=interpreted, Vv=VM code, C=native code)


---------------  P R O C E S S  ---------------

Java Threads: ( => current thread )

Other Threads:

=>0x000000000215e000 (exited) JavaThread "Unknown thread" [_thread_in_vm, id=15228, stack(0x00000000021b0000,0x00000000022b0000)]

VM state:not at safepoint (normal execution)

VM Mutex/Monitor currently owned by a thread: None

Heap:
 PSYoungGen      total 18432K, used 317K [0x00000000eb600000, 0x00000000eca80000, 0x0000000100000000)
  eden space 15872K, 2% used [0x00000000eb600000,0x00000000eb64f5d0,0x00000000ec580000)
  from space 2560K, 0% used [0x00000000ec800000,0x00000000ec800000,0x00000000eca80000)
  to   space 2560K, 0% used [0x00000000ec580000,0x00000000ec580000,0x00000000ec800000)
 ParOldGen       total 42496K, used 0K [0x00000000c2200000, 0x00000000c4b80000, 0x00000000eb600000)
  object space 42496K, 0% used [0x00000000c2200000,0x00000000c2200000,0x00000000c4b80000)
 Metaspace       used 743K, capacity 4480K, committed 4480K, reserved 1056768K
  class space    used 75K, capacity 384K, committed 384K, reserved 1048576K

Card table byte_map: [0x0000000011740000,0x0000000011930000] byte_map_base: 0x000000001112f000

Marking Bits: (ParMarkBitMap*) 0x000000005fc1a5b0
 Begin Bits: [0x0000000011fe0000, 0x0000000012f58000)
 End Bits:   [0x0000000012f58000, 0x0000000013ed0000)

Polling page: 0x0000000000100000

CodeCache: size=245760Kb used=327Kb max_used=327Kb free=245432Kb
 bounds [0x0000000002380000, 0x00000000025f0000, 0x0000000011380000]
 total_blobs=56 nmethods=0 adapters=37
 compilation: enabled

Compilation events (0 events):
No events

GC Heap History (0 events):
No events

Deoptimization events (0 events):
No events

Internal exceptions (0 events):
No events

Events (10 events):
Event: 0.056 loading class java/lang/Short
Event: 0.056 loading class java/lang/Short done
Event: 0.056 loading class java/lang/Integer
Event: 0.056 loading class java/lang/Integer done
Event: 0.056 loading class java/lang/Long
Event: 0.056 loading class java/lang/Long done
Event: 0.057 loading class java/lang/NullPointerException
Event: 0.057 loading class java/lang/NullPointerException done
Event: 0.057 loading class java/lang/ArithmeticException
Event: 0.057 loading class java/lang/ArithmeticException done


Dynamic libraries:
0x000000013fb20000 - 0x000000013fb57000 	D:\jre1.8.0_60\bin\javaw.exe
0x0000000077310000 - 0x00000000774b9000 	C:\windows\SYSTEM32\ntdll.dll
0x00000000771f0000 - 0x000000007730f000 	C:\windows\system32\kernel32.dll
0x000007fefd0f0000 - 0x000007fefd15c000 	C:\windows\system32\KERNELBASE.dll
0x000007fefd480000 - 0x000007fefd55b000 	C:\windows\system32\ADVAPI32.dll
0x000007fefdbc0000 - 0x000007fefdc5f000 	C:\windows\system32\msvcrt.dll
0x000007fefdd30000 - 0x000007fefdd4f000 	C:\windows\SYSTEM32\sechost.dll
0x000007fefd720000 - 0x000007fefd84d000 	C:\windows\system32\RPCRT4.dll
0x00000000770f0000 - 0x00000000771ea000 	C:\windows\system32\USER32.dll
0x000007fefeed0000 - 0x000007fefef37000 	C:\windows\system32\GDI32.dll
0x000007feff060000 - 0x000007feff06e000 	C:\windows\system32\LPK.dll
0x000007fefd640000 - 0x000007fefd709000 	C:\windows\system32\USP10.dll
0x000007fefb890000 - 0x000007fefba84000 	C:\windows\WinSxS\amd64_microsoft.windows.common-controls_6595b64144ccf1df_6.0.7601.18837_none_fa3b1e3d17594757\COMCTL32.dll
0x000007fefef40000 - 0x000007fefefb1000 	C:\windows\system32\SHLWAPI.dll
0x000007fefdc60000 - 0x000007fefdc8e000 	C:\windows\system32\IMM32.DLL
0x000007fefd850000 - 0x000007fefd959000 	C:\windows\system32\MSCTF.dll
0x00000000680d0000 - 0x00000000681a2000 	D:\jre1.8.0_60\bin\msvcr100.dll
0x000000005f410000 - 0x000000005fc99000 	D:\jre1.8.0_60\bin\server\jvm.dll
0x000007fefcde0000 - 0x000007fefcde9000 	C:\windows\system32\WSOCK32.dll
0x000007feff5d0000 - 0x000007feff61d000 	C:\windows\system32\WS2_32.dll
0x000007fefd710000 - 0x000007fefd718000 	C:\windows\system32\NSI.dll
0x000007fefb0c0000 - 0x000007fefb0fb000 	C:\windows\system32\WINMM.dll
0x000007fefbf20000 - 0x000007fefbf2c000 	C:\windows\system32\VERSION.dll
0x00000000774e0000 - 0x00000000774e7000 	C:\windows\system32\PSAPI.DLL
0x00000000736e0000 - 0x00000000736ef000 	D:\jre1.8.0_60\bin\verify.dll
0x0000000073610000 - 0x0000000073639000 	D:\jre1.8.0_60\bin\java.dll
0x000000006d530000 - 0x000000006d546000 	D:\jre1.8.0_60\bin\zip.dll

VM Arguments:
jvm_args: -Dfile.encoding=GBK 
java_command: Assignment2.Run
java_class_path (initial): D:\yuandaima\javawork\Assignment5100\bin
Launcher Type: SUN_STANDARD

Environment Variables:
JAVA_HOME=D:\jdk.1.8.0
CLASSPATH=.;D:\jdk.1.8.0\lib;D:\jdk.1.8.0\lib\dt.jar;D:\jdk.1.8.0\lib\tools.jar
PATH=D:/jre1.8.0_60/bin/server;D:/jre1.8.0_60/bin;D:/jre1.8.0_60/lib/amd64;C:\ProgramData\Oracle\Java\javapath;D:\jdk.1.8.0\bin;D:\jdk.1.8.0\jre\bin;C:\ProgramData\Oracle\Java\javapath;C:\windows\system32;C:\windows;C:\windows\System32\Wbem;C:\windows\System32\WindowsPowerShell\v1.0\;C:\Program Files (x86)\ATI Technologies\ATI.ACE\Core-Static;D:\python;C:\Program Files\Microsoft SQL Server\120\Tools\Binn\;C:\Program Files (x86)\Windows Kits\8.1\Windows Performance Toolkit\;D:\python\Scripts;C:\Program Files\Microsoft SQL Server\110\DTS\Binn\;C:\Program Files (x86)\Microsoft SQL Server\110\Tools\Binn\;C:\Program Files\Microsoft SQL Server\110\Tools\Binn\;C:\Program Files (x86)\Microsoft SQL Server\110\Tools\Binn\ManagementStudio\;C:\Program Files (x86)\Microsoft Visual Studio 10.0\Common7\IDE\PrivateAssemblies\;C:\Program Files (x86)\Microsoft SQL Server\110\DTS\Binn\;C:\Program Files (x86)\PharosSystems\Core;F:\TDDOWNLOAD\software\eclipse-java-mars-R-win32-x86_64\eclipse;
USERNAME=Jian Hou
OS=Windows_NT
PROCESSOR_IDENTIFIER=Intel64 Family 6 Model 37 Stepping 5, GenuineIntel



---------------  S Y S T E M  ---------------

OS: Windows 7 , 64 bit Build 7601 (6.1.7601.18939)

CPU:total 4 (2 cores per cpu, 2 threads per core) family 6 model 37 stepping 5, cmov, cx8, fxsr, mmx, sse, sse2, sse3, ssse3, sse4.1, sse4.2, popcnt, ht, tsc, tscinvbit

Memory: 4k page, physical 4052848k(824864k free), swap 16031372k(4376k free)

vm_info: Java HotSpot(TM) 64-Bit Server VM (25.60-b23) for windows-amd64 JRE (1.8.0_60-b27), built on Aug  4 2015 11:06:27 by "java_re" with MS VC++ 10.0 (VS2010)

time: Wed Sep 30 14:03:37 2015
elapsed time: 2 seconds (0d 0h 0m 2s)

